app/build/intermediates/manifest_merge_blame_file/debug/processDebugMainManifest/manifest-merger-blame-debug-report.txt
1<?xml version="1.0" encoding="utf-8"?>
2<manifest xmlns:android="http://schemas.android.com/apk/res/android"
3    package="com.kanzar.networthtracker"
4    android:versionCode="4"
5    android:versionName="0.93" >
6
7    <uses-sdk
7-->INJECTED
8        android:minSdkVersion="23"
8-->INJECTED
9        android:targetSdkVersion="35" />
9-->INJECTED
10
11    <uses-permission android:name="android.permission.INTERNET" />
11-->src/main/AndroidManifest.xml:5:5-66
11-->src/main/AndroidManifest.xml:5:22-64
12    <uses-permission android:name="android.permission.ACCESS_NETWORK_STATE" />
12-->src/main/AndroidManifest.xml:6:5-78
12-->src/main/AndroidManifest.xml:6:22-76
13    <uses-permission
13-->src/main/AndroidManifest.xml:7:5-106
14        android:name="android.permission.READ_EXTERNAL_STORAGE"
14-->src/main/AndroidManifest.xml:7:22-77
15        android:maxSdkVersion="32" />
15-->src/main/AndroidManifest.xml:7:78-104
16    <uses-permission
16-->src/main/AndroidManifest.xml:8:5-107
17        android:name="android.permission.WRITE_EXTERNAL_STORAGE"
17-->src/main/AndroidManifest.xml:8:22-78
18        android:maxSdkVersion="32" />
18-->src/main/AndroidManifest.xml:8:79-105
19    <uses-permission android:name="android.permission.USE_BIOMETRIC" /> <!-- suppress DeprecatedClassUsageInspection -->
19-->[androidx.biometric:biometric:1.1.0] AndroidManifest.xml:24:5-72
19-->[androidx.biometric:biometric:1.1.0] AndroidManifest.xml:24:22-69
20    <uses-permission android:name="android.permission.USE_FINGERPRINT" />
20-->[androidx.biometric:biometric:1.1.0] AndroidManifest.xml:27:5-74
20-->[androidx.biometric:biometric:1.1.0] AndroidManifest.xml:27:22-71
21
22    <permission
22-->[androidx.core:core:1.18.0] AndroidManifest.xml:22:5-24:47
23        android:name="com.kanzar.networthtracker.DYNAMIC_RECEIVER_NOT_EXPORTED_PERMISSION"
23-->[androidx.core:core:1.18.0] AndroidManifest.xml:23:9-81
24        android:protectionLevel="signature" />
24-->[androidx.core:core:1.18.0] AndroidManifest.xml:24:9-44
25
26    <uses-permission android:name="com.kanzar.networthtracker.DYNAMIC_RECEIVER_NOT_EXPORTED_PERMISSION" />
26-->[androidx.core:core:1.18.0] AndroidManifest.xml:26:5-97
26-->[androidx.core:core:1.18.0] AndroidManifest.xml:26:22-94
27
28    <application
28-->src/main/AndroidManifest.xml:10:5-64:19
29        android:name="com.kanzar.networthtracker.CoreApplication"
29-->src/main/AndroidManifest.xml:11:9-66
30        android:allowBackup="true"
30-->src/main/AndroidManifest.xml:12:9-35
31        android:appComponentFactory="androidx.core.app.CoreComponentFactory"
31-->[androidx.core:core:1.18.0] AndroidManifest.xml:28:18-86
32        android:debuggable="true"
33        android:extractNativeLibs="true"
33-->INJECTED
34        android:icon="@mipmap/ic_launcher"
34-->src/main/AndroidManifest.xml:13:9-43
35        android:label="@string/app_name"
35-->src/main/AndroidManifest.xml:14:9-41
36        android:roundIcon="@mipmap/ic_launcher_round"
36-->src/main/AndroidManifest.xml:15:9-54
37        android:testOnly="true"
38        android:theme="@style/AppThemeNoActionBar" >
38-->src/main/AndroidManifest.xml:16:9-51
39        <activity
39-->src/main/AndroidManifest.xml:18:9-103
40            android:name="com.kanzar.networthtracker.CommentActivity"
40-->src/main/AndroidManifest.xml:18:19-76
41            android:exported="false" />
41-->src/main/AndroidManifest.xml:18:77-101
42
43        <provider
43-->src/main/AndroidManifest.xml:20:9-28:20
44            android:name="androidx.core.content.FileProvider"
44-->src/main/AndroidManifest.xml:21:13-62
45            android:authorities="com.kanzar.networthtracker.provider"
45-->src/main/AndroidManifest.xml:22:13-70
46            android:exported="false"
46-->src/main/AndroidManifest.xml:23:13-37
47            android:grantUriPermissions="true" >
47-->src/main/AndroidManifest.xml:24:13-47
48            <meta-data
48-->src/main/AndroidManifest.xml:25:13-27:57
49                android:name="android.support.FILE_PROVIDER_PATHS"
49-->src/main/AndroidManifest.xml:26:17-67
50                android:resource="@xml/provider_paths" />
50-->src/main/AndroidManifest.xml:27:17-55
51        </provider>
52
53        <activity
53-->src/main/AndroidManifest.xml:30:9-46:20
54            android:name="com.kanzar.networthtracker.MainActivity"
54-->src/main/AndroidManifest.xml:31:13-67
55            android:exported="true"
55-->src/main/AndroidManifest.xml:33:13-36
56            android:theme="@style/AppThemeNoActionBar" >
56-->src/main/AndroidManifest.xml:32:13-55
57            <intent-filter>
57-->src/main/AndroidManifest.xml:34:13-37:29
58                <action android:name="android.intent.action.MAIN" />
58-->src/main/AndroidManifest.xml:35:17-68
58-->src/main/AndroidManifest.xml:35:25-66
59
60                <category android:name="android.intent.category.LAUNCHER" />
60-->src/main/AndroidManifest.xml:36:17-76
60-->src/main/AndroidManifest.xml:36:27-74
61            </intent-filter>
62            <intent-filter>
62-->src/main/AndroidManifest.xml:38:13-45:29
63                <action android:name="android.intent.action.VIEW" />
63-->src/main/AndroidManifest.xml:39:17-68
63-->src/main/AndroidManifest.xml:39:25-66
64
65                <category android:name="android.intent.category.BROWSABLE" />
65-->src/main/AndroidManifest.xml:40:17-77
65-->src/main/AndroidManifest.xml:40:27-75
66                <category android:name="android.intent.category.DEFAULT" />
66-->src/main/AndroidManifest.xml:41:17-75
66-->src/main/AndroidManifest.xml:41:27-73
67
68                <data android:scheme="file" />
68-->src/main/AndroidManifest.xml:42:17-46
68-->src/main/AndroidManifest.xml:42:23-44
69                <data android:scheme="content" />
69-->src/main/AndroidManifest.xml:42:17-46
69-->src/main/AndroidManifest.xml:42:23-44
70                <data android:mimeType="text/*" />
70-->src/main/AndroidManifest.xml:42:17-46
70-->src/main/AndroidManifest.xml:44:23-48
71            </intent-filter>
72        </activity>
73        <activity
73-->src/main/AndroidManifest.xml:48:9-101
74            android:name="com.kanzar.networthtracker.MonthActivity"
74-->src/main/AndroidManifest.xml:48:19-74
75            android:exported="false" />
75-->src/main/AndroidManifest.xml:48:75-99
76        <activity
76-->src/main/AndroidManifest.xml:49:9-101
77            android:name="com.kanzar.networthtracker.ChartActivity"
77-->src/main/AndroidManifest.xml:49:19-74
78            android:exported="false" />
78-->src/main/AndroidManifest.xml:49:75-99
79        <activity
79-->src/main/AndroidManifest.xml:50:9-106
80            android:name="com.kanzar.networthtracker.AllocationActivity"
80-->src/main/AndroidManifest.xml:50:19-79
81            android:exported="false" />
81-->src/main/AndroidManifest.xml:50:80-104
82        <activity
82-->src/main/AndroidManifest.xml:51:9-106
83            android:name="com.kanzar.networthtracker.AssetTrendActivity"
83-->src/main/AndroidManifest.xml:51:19-79
84            android:exported="false" />
84-->src/main/AndroidManifest.xml:51:80-104
85
86        <receiver
86-->src/main/AndroidManifest.xml:53:9-62:20
87            android:name="com.kanzar.networthtracker.widget.OverviewWidget"
87-->src/main/AndroidManifest.xml:54:13-76
88            android:exported="true" >
88-->src/main/AndroidManifest.xml:55:13-36
89            <intent-filter>
89-->src/main/AndroidManifest.xml:56:13-58:29
90                <action android:name="android.appwidget.action.APPWIDGET_UPDATE" />
90-->src/main/AndroidManifest.xml:57:17-83
90-->src/main/AndroidManifest.xml:57:25-81
91            </intent-filter>
92
93            <meta-data
93-->src/main/AndroidManifest.xml:59:13-61:67
94                android:name="android.appwidget.provider"
94-->src/main/AndroidManifest.xml:60:17-58
95                android:resource="@xml/provider_overview_widget" />
95-->src/main/AndroidManifest.xml:61:17-65
96        </receiver>
97
98        <service
98-->[androidx.credentials:credentials-play-services-auth:1.6.0] AndroidManifest.xml:24:9-32:19
99            android:name="androidx.credentials.playservices.CredentialProviderMetadataHolder"
99-->[androidx.credentials:credentials-play-services-auth:1.6.0] AndroidManifest.xml:25:13-94
100            android:enabled="true"
100-->[androidx.credentials:credentials-play-services-auth:1.6.0] AndroidManifest.xml:26:13-35
101            android:exported="false" >
101-->[androidx.credentials:credentials-play-services-auth:1.6.0] AndroidManifest.xml:27:13-37
102            <meta-data
102-->[androidx.credentials:credentials-play-services-auth:1.6.0] AndroidManifest.xml:29:13-31:104
103                android:name="androidx.credentials.CREDENTIAL_PROVIDER_KEY"
103-->[androidx.credentials:credentials-play-services-auth:1.6.0] AndroidManifest.xml:30:17-76
104                android:value="androidx.credentials.playservices.CredentialProviderPlayServicesImpl" />
104-->[androidx.credentials:credentials-play-services-auth:1.6.0] AndroidManifest.xml:31:17-101
105        </service>
106
107        <activity
107-->[androidx.credentials:credentials-play-services-auth:1.6.0] AndroidManifest.xml:34:9-41:20
108            android:name="androidx.credentials.playservices.controllers.identityauth.HiddenActivity"
108-->[androidx.credentials:credentials-play-services-auth:1.6.0] AndroidManifest.xml:35:13-101
109            android:configChanges="orientation|screenSize|screenLayout|keyboardHidden"
109-->[androidx.credentials:credentials-play-services-auth:1.6.0] AndroidManifest.xml:36:13-87
110            android:enabled="true"
110-->[androidx.credentials:credentials-play-services-auth:1.6.0] AndroidManifest.xml:37:13-35
111            android:exported="false"
111-->[androidx.credentials:credentials-play-services-auth:1.6.0] AndroidManifest.xml:38:13-37
112            android:fitsSystemWindows="true"
112-->[androidx.credentials:credentials-play-services-auth:1.6.0] AndroidManifest.xml:39:13-45
113            android:theme="@style/Theme.Hidden" >
113-->[androidx.credentials:credentials-play-services-auth:1.6.0] AndroidManifest.xml:40:13-48
114        </activity>
115        <activity
115-->[androidx.credentials:credentials-play-services-auth:1.6.0] AndroidManifest.xml:42:9-49:20
116            android:name="androidx.credentials.playservices.controllers.identitycredentials.IdentityCredentialApiHiddenActivity"
116-->[androidx.credentials:credentials-play-services-auth:1.6.0] AndroidManifest.xml:43:13-129
117            android:configChanges="orientation|screenSize|screenLayout|keyboardHidden"
117-->[androidx.credentials:credentials-play-services-auth:1.6.0] AndroidManifest.xml:44:13-87
118            android:enabled="true"
118-->[androidx.credentials:credentials-play-services-auth:1.6.0] AndroidManifest.xml:45:13-35
119            android:exported="false"
119-->[androidx.credentials:credentials-play-services-auth:1.6.0] AndroidManifest.xml:46:13-37
120            android:fitsSystemWindows="true"
120-->[androidx.credentials:credentials-play-services-auth:1.6.0] AndroidManifest.xml:47:13-45
121            android:theme="@style/Theme.Hidden" >
121-->[androidx.credentials:credentials-play-services-auth:1.6.0] AndroidManifest.xml:48:13-48
122        </activity>
123        <activity
123-->[com.google.android.gms:play-services-auth:21.5.1] AndroidManifest.xml:23:9-27:75
124            android:name="com.google.android.gms.auth.api.signin.internal.SignInHubActivity"
124-->[com.google.android.gms:play-services-auth:21.5.1] AndroidManifest.xml:24:13-93
125            android:excludeFromRecents="true"
125-->[com.google.android.gms:play-services-auth:21.5.1] AndroidManifest.xml:25:13-46
126            android:exported="false"
126-->[com.google.android.gms:play-services-auth:21.5.1] AndroidManifest.xml:26:13-37
127            android:theme="@android:style/Theme.Translucent.NoTitleBar" />
127-->[com.google.android.gms:play-services-auth:21.5.1] AndroidManifest.xml:27:13-72
128        <!--
129            Service handling Google Sign-In user revocation. For apps that do not integrate with
130            Google Sign-In, this service will never be started.
131        -->
132        <service
132-->[com.google.android.gms:play-services-auth:21.5.1] AndroidManifest.xml:33:9-37:51
133            android:name="com.google.android.gms.auth.api.signin.RevocationBoundService"
133-->[com.google.android.gms:play-services-auth:21.5.1] AndroidManifest.xml:34:13-89
134            android:exported="true"
134-->[com.google.android.gms:play-services-auth:21.5.1] AndroidManifest.xml:35:13-36
135            android:permission="com.google.android.gms.auth.api.signin.permission.REVOCATION_NOTIFICATION"
135-->[com.google.android.gms:play-services-auth:21.5.1] AndroidManifest.xml:36:13-107
136            android:visibleToInstantApps="true" />
136-->[com.google.android.gms:play-services-auth:21.5.1] AndroidManifest.xml:37:13-48
137
138        <activity
138-->[com.google.android.gms:play-services-base:18.5.0] AndroidManifest.xml:5:9-173
139            android:name="com.google.android.gms.common.api.GoogleApiActivity"
139-->[com.google.android.gms:play-services-base:18.5.0] AndroidManifest.xml:5:19-85
140            android:exported="false"
140-->[com.google.android.gms:play-services-base:18.5.0] AndroidManifest.xml:5:146-170
141            android:theme="@android:style/Theme.Translucent.NoTitleBar" />
141-->[com.google.android.gms:play-services-base:18.5.0] AndroidManifest.xml:5:86-145
142
143        <provider
143-->[androidx.emoji2:emoji2:1.3.0] AndroidManifest.xml:24:9-32:20
144            android:name="androidx.startup.InitializationProvider"
144-->[androidx.emoji2:emoji2:1.3.0] AndroidManifest.xml:25:13-67
145            android:authorities="com.kanzar.networthtracker.androidx-startup"
145-->[androidx.emoji2:emoji2:1.3.0] AndroidManifest.xml:26:13-68
146            android:exported="false" >
146-->[androidx.emoji2:emoji2:1.3.0] AndroidManifest.xml:27:13-37
147            <meta-data
147-->[androidx.emoji2:emoji2:1.3.0] AndroidManifest.xml:29:13-31:52
148                android:name="androidx.emoji2.text.EmojiCompatInitializer"
148-->[androidx.emoji2:emoji2:1.3.0] AndroidManifest.xml:30:17-75
149                android:value="androidx.startup" />
149-->[androidx.emoji2:emoji2:1.3.0] AndroidManifest.xml:31:17-49
150            <meta-data
150-->[androidx.lifecycle:lifecycle-process:2.6.2] AndroidManifest.xml:29:13-31:52
151                android:name="androidx.lifecycle.ProcessLifecycleInitializer"
151-->[androidx.lifecycle:lifecycle-process:2.6.2] AndroidManifest.xml:30:17-78
152                android:value="androidx.startup" />
152-->[androidx.lifecycle:lifecycle-process:2.6.2] AndroidManifest.xml:31:17-49
153            <meta-data
153-->[androidx.profileinstaller:profileinstaller:1.4.0] AndroidManifest.xml:29:13-31:52
154                android:name="androidx.profileinstaller.ProfileInstallerInitializer"
154-->[androidx.profileinstaller:profileinstaller:1.4.0] AndroidManifest.xml:30:17-85
155                android:value="androidx.startup" />
155-->[androidx.profileinstaller:profileinstaller:1.4.0] AndroidManifest.xml:31:17-49
156        </provider>
157
158        <meta-data
158-->[com.google.android.gms:play-services-basement:18.9.0] AndroidManifest.xml:21:9-23:69
159            android:name="com.google.android.gms.version"
159-->[com.google.android.gms:play-services-basement:18.9.0] AndroidManifest.xml:22:13-58
160            android:value="@integer/google_play_services_version" />
160-->[com.google.android.gms:play-services-basement:18.9.0] AndroidManifest.xml:23:13-66
161
162        <receiver
162-->[androidx.profileinstaller:profileinstaller:1.4.0] AndroidManifest.xml:34:9-52:20
163            android:name="androidx.profileinstaller.ProfileInstallReceiver"
163-->[androidx.profileinstaller:profileinstaller:1.4.0] AndroidManifest.xml:35:13-76
164            android:directBootAware="false"
164-->[androidx.profileinstaller:profileinstaller:1.4.0] AndroidManifest.xml:36:13-44
165            android:enabled="true"
165-->[androidx.profileinstaller:profileinstaller:1.4.0] AndroidManifest.xml:37:13-35
166            android:exported="true"
166-->[androidx.profileinstaller:profileinstaller:1.4.0] AndroidManifest.xml:38:13-36
167            android:permission="android.permission.DUMP" >
167-->[androidx.profileinstaller:profileinstaller:1.4.0] AndroidManifest.xml:39:13-57
168            <intent-filter>
168-->[androidx.profileinstaller:profileinstaller:1.4.0] AndroidManifest.xml:40:13-42:29
169                <action android:name="androidx.profileinstaller.action.INSTALL_PROFILE" />
169-->[androidx.profileinstaller:profileinstaller:1.4.0] AndroidManifest.xml:41:17-91
169-->[androidx.profileinstaller:profileinstaller:1.4.0] AndroidManifest.xml:41:25-88
170            </intent-filter>
171            <intent-filter>
171-->[androidx.profileinstaller:profileinstaller:1.4.0] AndroidManifest.xml:43:13-45:29
172                <action android:name="androidx.profileinstaller.action.SKIP_FILE" />
172-->[androidx.profileinstaller:profileinstaller:1.4.0] AndroidManifest.xml:44:17-85
172-->[androidx.profileinstaller:profileinstaller:1.4.0] AndroidManifest.xml:44:25-82
173            </intent-filter>
174            <intent-filter>
174-->[androidx.profileinstaller:profileinstaller:1.4.0] AndroidManifest.xml:46:13-48:29
175                <action android:name="androidx.profileinstaller.action.SAVE_PROFILE" />
175-->[androidx.profileinstaller:profileinstaller:1.4.0] AndroidManifest.xml:47:17-88
175-->[androidx.profileinstaller:profileinstaller:1.4.0] AndroidManifest.xml:47:25-85
176            </intent-filter>
177            <intent-filter>
177-->[androidx.profileinstaller:profileinstaller:1.4.0] AndroidManifest.xml:49:13-51:29
178                <action android:name="androidx.profileinstaller.action.BENCHMARK_OPERATION" />
178-->[androidx.profileinstaller:profileinstaller:1.4.0] AndroidManifest.xml:50:17-95
178-->[androidx.profileinstaller:profileinstaller:1.4.0] AndroidManifest.xml:50:25-92
179            </intent-filter>
180        </receiver>
181    </application>
182
183</manifest>